#
# There is insufficient memory for the Java Runtime Environment to continue.
# Native memory allocation (malloc) failed to allocate 765776 bytes for Chunk::new
# Possible reasons:
#   The system is out of physical RAM or swap space
#   The process is running with CompressedOops enabled, and the Java Heap may be blocking the growth of the native heap
# Possible solutions:
#   Reduce memory load on the system
#   Increase physical memory or swap space
#   Check if swap backing store is full
#   Decrease Java heap size (-Xmx/-Xms)
#   Decrease number of Java threads
#   Decrease Java thread stack sizes (-Xss)
#   Set larger code cache with -XX:ReservedCodeCacheSize=
#   JVM is running with Unscaled Compressed Oops mode in which the Java heap is
#     placed in the first 4GB address space. The Java Heap base address is the
#     maximum limit for the native heap growth. Please use -XX:HeapBaseMinAddress
#     to set the Java Heap base and to place the Java Heap above 4GB virtual address.
# This output file may be truncated or incomplete.
#
#  Out of Memory Error (c:/workspace/9-2-build-windows-amd64-cygwin-phase2/jdk9/6725/hotspot/src/share/vm/memory/allocation.cpp:372), pid=14116, tid=5200
#
# JRE version: Java(TM) SE Runtime Environment (9.0+181) (build 9+181)
# Java VM: Java HotSpot(TM) 64-Bit Server VM (9+181, mixed mode, tiered, compressed oops, g1 gc, windows-amd64)
# No core dump will be written. Minidumps are not enabled by default on client versions of Windows
#

---------------  S U M M A R Y ------------

Command Line: -javaagent:D:\Program Files (x86)\IntelliJ IDEA 2019.1.2\lib\idea_rt.jar=52634:D:\Program Files (x86)\IntelliJ IDEA 2019.1.2\bin -Dfile.encoding=UTF-8 Main

Host: Intel(R) Core(TM) i5-7600K CPU @ 3.80GHz, 4 cores, 7G,  Windows 10 , 64 bit Build 17134 (10.0.17134.753)
Time: Tue Dec 24 19:06:16 2019 Turkey Standard Time elapsed time: 2 seconds (0d 0h 0m 2s)

---------------  T H R E A D  ---------------

Current thread (0x000001aff8784000):  JavaThread "C2 CompilerThread1" daemon [_thread_in_native, id=5200, stack(0x0000006eee800000,0x0000006eee900000)]


Current CompileTask:
C2:   2981 2766       4       javafx.scene.Node::updateBounds (174 bytes)

Stack: [0x0000006eee800000,0x0000006eee900000]
Native frames: (J=compiled Java code, j=interpreted, Vv=VM code, C=native code)
V  [jvm.dll+0x587108]
V  [jvm.dll+0x69c14e]
V  [jvm.dll+0x69d06a]
V  [jvm.dll+0x69d6a3]
V  [jvm.dll+0x21d3f8]
V  [jvm.dll+0xa7bac]
V  [jvm.dll+0xa84ec]
V  [jvm.dll+0x3212f5]
V  [jvm.dll+0x2e7c6a]
V  [jvm.dll+0x2e71fa]
V  [jvm.dll+0x1e9c11]
V  [jvm.dll+0x1e8eb6]
V  [jvm.dll+0x16916b]
V  [jvm.dll+0x1f6680]
V  [jvm.dll+0x1f5306]
V  [jvm.dll+0x66b1af]
V  [jvm.dll+0x586530]
C  [msvcr120.dll+0x24f7f]
C  [msvcr120.dll+0x25126]
C  [KERNEL32.DLL+0x14034]
C  [ntdll.dll+0x73691]


---------------  P R O C E S S  ---------------

Java Threads: ( => current thread )
  0x000001af85406800 JavaThread "Prism Font Disposer" daemon [_thread_blocked, id=7392, stack(0x0000006eefa00000,0x0000006eefb00000)]
  0x000001aff8a83000 JavaThread "Java2D Disposer" daemon [_thread_blocked, id=13416, stack(0x0000006eef600000,0x0000006eef700000)]
  0x000001aff92ca800 JavaThread "JavaFX-Launcher" [_thread_blocked, id=8216, stack(0x0000006eef500000,0x0000006eef600000)]
  0x000001aff92d9000 JavaThread "Thread-1" daemon [_thread_in_native, id=2728, stack(0x0000006eef400000,0x0000006eef500000)]
  0x000001aff9f68000 JavaThread "JavaFX Application Thread" [_thread_in_native, id=3960, stack(0x0000006eef200000,0x0000006eef300000)]
  0x000001aff8fc5000 JavaThread "InvokeLaterDispatcher" daemon [_thread_blocked, id=6652, stack(0x0000006eef100000,0x0000006eef200000)]
  0x000001aff8ddd000 JavaThread "QuantumRenderer-0" daemon [_thread_blocked, id=10264, stack(0x0000006eeef00000,0x0000006eef000000)]
  0x000001aff8a49800 JavaThread "Service Thread" daemon [_thread_blocked, id=4972, stack(0x0000006eeed00000,0x0000006eeee00000)]
  0x000001aff8a48800 JavaThread "Monitor Ctrl-Break" daemon [_thread_in_native, id=5068, stack(0x0000006eeec00000,0x0000006eeed00000)]
  0x000001aff882a000 JavaThread "Common-Cleaner" daemon [_thread_blocked, id=5572, stack(0x0000006eeeb00000,0x0000006eeec00000)]
  0x000001aff8795000 JavaThread "Sweeper thread" daemon [_thread_blocked, id=10836, stack(0x0000006eeea00000,0x0000006eeeb00000)]
  0x000001aff8788000 JavaThread "C1 CompilerThread2" daemon [_thread_blocked, id=9112, stack(0x0000006eee900000,0x0000006eeea00000)]
=>0x000001aff8784000 JavaThread "C2 CompilerThread1" daemon [_thread_in_native, id=5200, stack(0x0000006eee800000,0x0000006eee900000)]
  0x000001aff8778000 JavaThread "C2 CompilerThread0" daemon [_thread_in_native, id=6788, stack(0x0000006eee700000,0x0000006eee800000)]
  0x000001aff8775000 JavaThread "Attach Listener" daemon [_thread_blocked, id=7412, stack(0x0000006eee600000,0x0000006eee700000)]
  0x000001aff8774800 JavaThread "Signal Dispatcher" daemon [_thread_blocked, id=7804, stack(0x0000006eee500000,0x0000006eee600000)]
  0x000001aff8721000 JavaThread "Finalizer" daemon [_thread_blocked, id=4588, stack(0x0000006eee400000,0x0000006eee500000)]
  0x000001aff8715800 JavaThread "Reference Handler" daemon [_thread_blocked, id=5332, stack(0x0000006eee300000,0x0000006eee400000)]
  0x000001afd5206800 JavaThread "main" [_thread_blocked, id=13020, stack(0x0000006eed600000,0x0000006eed700000)]

Other Threads:
  0x000001aff8712800 VMThread "VM Thread" [stack: 0x0000006eee200000,0x0000006eee300000] [id=7172]
  0x000001aff8a5f800 WatcherThread [stack: 0x0000006eeee00000,0x0000006eeef00000] [id=3472]
  0x000001afd521e800 GCTaskThread "GC Thread#0" [stack: 0x0000006eed700000,0x0000006eed800000] [id=11436]
  0x000001afd5220000 GCTaskThread "GC Thread#1" [stack: 0x0000006eed800000,0x0000006eed900000] [id=11664]
  0x000001afd5223000 GCTaskThread "GC Thread#2" [stack: 0x0000006eed900000,0x0000006eeda00000] [id=13628]
  0x000001afd5226000 GCTaskThread "GC Thread#3" [stack: 0x0000006eeda00000,0x0000006eedb00000] [id=12560]
  0x000001afd52a2800 ConcurrentGCThread "G1 Main Marker" [stack: 0x0000006eee000000,0x0000006eee100000] [id=11552]
  0x000001afd52a4800 ConcurrentGCThread "G1 Marker#0" [stack: 0x0000006eee100000,0x0000006eee200000] [id=8312]
  0x000001afd5238800 ConcurrentGCThread "G1 Refine#0" [stack: 0x0000006eede00000,0x0000006eedf00000] [id=12368]
  0x000001afd5236800 ConcurrentGCThread "G1 Refine#1" [stack: 0x0000006eedd00000,0x0000006eede00000] [id=2160]
  0x000001afd5234800 ConcurrentGCThread "G1 Refine#2" [stack: 0x0000006eedc00000,0x0000006eedd00000] [id=8848]
  0x000001afd5231000 ConcurrentGCThread "G1 Refine#3" [stack: 0x0000006eedb00000,0x0000006eedc00000] [id=9524]
  0x000001afd523a000 ConcurrentGCThread "G1 Young RemSet Sampling" [stack: 0x0000006eedf00000,0x0000006eee000000] [id=5664]

Threads with active compile tasks:
C2 CompilerThread12766       4       javafx.scene.Node::updateBounds (174 bytes)
C2 CompilerThread03012       4       javafx.css.CompoundSelector::applies (144 bytes)

VM state:not at safepoint (normal execution)

VM Mutex/Monitor currently owned by a thread: None

Heap address: 0x0000000080800000, size: 2040 MB, Compressed Oops mode: 32-bit
Narrow klass base: 0x0000000000000000, Narrow klass shift: 3
Compressed class space size: 1073741824 Address: 0x0000000100000000

Heap:
 garbage-first heap   total 131072K, used 18090K [0x0000000080800000, 0x0000000080900400, 0x0000000100000000)
  region size 1024K, 8 young (8192K), 1 survivors (1024K)
 Metaspace       used 22380K, capacity 23905K, committed 24112K, reserved 1071104K
  class space    used 2719K, capacity 3013K, committed 3120K, reserved 1048576K
Heap Regions: E=young(eden), S=young(survivor), O=old, HS=humongous(starts), HC=humongous(continues), CS=collection set, F=free, A=archive, TS=gc time stamp, AC=allocation context, TAMS=top-at-mark-start (previous, next)
|   0|0x0000000080800000, 0x0000000080900000, 0x0000000080900000|100%| O|  |TS  1|AC  0|TAMS 0x0000000080893a00, 0x0000000080893a00|
|   1|0x0000000080900000, 0x0000000080900000, 0x0000000080a00000|  0%| F|  |TS  1|AC  0|TAMS 0x0000000080900000, 0x0000000080900000|
|   2|0x0000000080a00000, 0x0000000080b00000, 0x0000000080b00000|100%|HS|  |TS  0|AC  0|TAMS 0x0000000080a00000, 0x0000000080a00000|
|   3|0x0000000080b00000, 0x0000000080c00000, 0x0000000080c00000|100%|HC|  |TS  0|AC  0|TAMS 0x0000000080b00000, 0x0000000080b00000|
|   4|0x0000000080c00000, 0x0000000080d00000, 0x0000000080d00000|100%|HS|  |TS  0|AC  0|TAMS 0x0000000080c00000, 0x0000000080c00000|
|   5|0x0000000080d00000, 0x0000000080e00000, 0x0000000080e00000|100%|HC|  |TS  0|AC  0|TAMS 0x0000000080d00000, 0x0000000080d00000|
|   6|0x0000000080e00000, 0x0000000080f00000, 0x0000000080f00000|100%|HC|  |TS  0|AC  0|TAMS 0x0000000080e00000, 0x0000000080e00000|
|   7|0x0000000080f00000, 0x0000000081000000, 0x0000000081000000|100%| O|  |TS  1|AC  0|TAMS 0x0000000080f00000, 0x0000000080f00000|
|   8|0x0000000081000000, 0x0000000081100000, 0x0000000081100000|100%| O|  |TS  1|AC  0|TAMS 0x0000000081000000, 0x0000000081000000|
|   9|0x0000000081100000, 0x0000000081200000, 0x0000000081200000|100%| O|  |TS  1|AC  0|TAMS 0x0000000081100000, 0x0000000081100000|
|  10|0x0000000081200000, 0x0000000081300000, 0x0000000081300000|100%| O|  |TS  1|AC  0|TAMS 0x0000000081200000, 0x0000000081200000|
|  11|0x0000000081300000, 0x00000000813b0600, 0x0000000081400000| 68%| O|  |TS  1|AC  0|TAMS 0x0000000081300000, 0x0000000081300000|
|  12|0x0000000081400000, 0x0000000081400000, 0x0000000081500000|  0%| F|  |TS  0|AC  0|TAMS 0x0000000081400000, 0x0000000081400000|
|  13|0x0000000081500000, 0x0000000081500000, 0x0000000081600000|  0%| F|  |TS  0|AC  0|TAMS 0x0000000081500000, 0x0000000081500000|
|  14|0x0000000081600000, 0x0000000081600000, 0x0000000081700000|  0%| F|  |TS  0|AC  0|TAMS 0x0000000081600000, 0x0000000081600000|
|  15|0x0000000081700000, 0x0000000081700000, 0x0000000081800000|  0%| F|  |TS  0|AC  0|TAMS 0x0000000081700000, 0x0000000081700000|
|  16|0x0000000081800000, 0x0000000081800000, 0x0000000081900000|  0%| F|  |TS  0|AC  0|TAMS 0x0000000081800000, 0x0000000081800000|
|  17|0x0000000081900000, 0x0000000081900000, 0x0000000081a00000|  0%| F|  |TS  0|AC  0|TAMS 0x0000000081900000, 0x0000000081900000|
|  18|0x0000000081a00000, 0x0000000081a00000, 0x0000000081b00000|  0%| F|  |TS  0|AC  0|TAMS 0x0000000081a00000, 0x0000000081a00000|
|  19|0x0000000081b00000, 0x0000000081b00000, 0x0000000081c00000|  0%| F|  |TS  0|AC  0|TAMS 0x0000000081b00000, 0x0000000081b00000|
|  20|0x0000000081c00000, 0x0000000081c00000, 0x0000000081d00000|  0%| F|  |TS  0|AC  0|TAMS 0x0000000081c00000, 0x0000000081c00000|
|  21|0x0000000081d00000, 0x0000000081d00000, 0x0000000081e00000|  0%| F|  |TS  0|AC  0|TAMS 0x0000000081d00000, 0x0000000081d00000|
|  22|0x0000000081e00000, 0x0000000081e00000, 0x0000000081f00000|  0%| F|  |TS  0|AC  0|TAMS 0x0000000081e00000, 0x0000000081e00000|
|  23|0x0000000081f00000, 0x0000000081f00000, 0x0000000082000000|  0%| F|  |TS  0|AC  0|TAMS 0x0000000081f00000, 0x0000000081f00000|
|  24|0x0000000082000000, 0x0000000082000000, 0x0000000082100000|  0%| F|  |TS  0|AC  0|TAMS 0x0000000082000000, 0x0000000082000000|
|  25|0x0000000082100000, 0x0000000082100000, 0x0000000082200000|  0%| F|  |TS  0|AC  0|TAMS 0x0000000082100000, 0x0000000082100000|
|  26|0x0000000082200000, 0x0000000082200000, 0x0000000082300000|  0%| F|  |TS  0|AC  0|TAMS 0x0000000082200000, 0x0000000082200000|
|  27|0x0000000082300000, 0x0000000082300000, 0x0000000082400000|  0%| F|  |TS  0|AC  0|TAMS 0x0000000082300000, 0x0000000082300000|
|  28|0x0000000082400000, 0x0000000082400000, 0x0000000082500000|  0%| F|  |TS  0|AC  0|TAMS 0x0000000082400000, 0x0000000082400000|
|  29|0x0000000082500000, 0x0000000082500000, 0x0000000082600000|  0%| F|  |TS  0|AC  0|TAMS 0x0000000082500000, 0x0000000082500000|
|  30|0x0000000082600000, 0x0000000082600000, 0x0000000082700000|  0%| F|  |TS  0|AC  0|TAMS 0x0000000082600000, 0x0000000082600000|
|  31|0x0000000082700000, 0x0000000082700000, 0x0000000082800000|  0%| F|  |TS  0|AC  0|TAMS 0x0000000082700000, 0x0000000082700000|
|  32|0x0000000082800000, 0x0000000082800000, 0x0000000082900000|  0%| F|  |TS  0|AC  0|TAMS 0x0000000082800000, 0x0000000082800000|
|  33|0x0000000082900000, 0x0000000082900000, 0x0000000082a00000|  0%| F|  |TS  0|AC  0|TAMS 0x0000000082900000, 0x0000000082900000|
|  34|0x0000000082a00000, 0x0000000082a00000, 0x0000000082b00000|  0%| F|  |TS  0|AC  0|TAMS 0x0000000082a00000, 0x0000000082a00000|
|  35|0x0000000082b00000, 0x0000000082b00000, 0x0000000082c00000|  0%| F|  |TS  0|AC  0|TAMS 0x0000000082b00000, 0x0000000082b00000|
|  36|0x0000000082c00000, 0x0000000082c00000, 0x0000000082d00000|  0%| F|  |TS  0|AC  0|TAMS 0x0000000082c00000, 0x0000000082c00000|
|  37|0x0000000082d00000, 0x0000000082d00000, 0x0000000082e00000|  0%| F|  |TS  0|AC  0|TAMS 0x0000000082d00000, 0x0000000082d00000|
|  38|0x0000000082e00000, 0x0000000082e00000, 0x0000000082f00000|  0%| F|  |TS  0|AC  0|TAMS 0x0000000082e00000, 0x0000000082e00000|
|  39|0x0000000082f00000, 0x0000000082f00000, 0x0000000083000000|  0%| F|  |TS  0|AC  0|TAMS 0x0000000082f00000, 0x0000000082f00000|
|  40|0x0000000083000000, 0x0000000083000000, 0x0000000083100000|  0%| F|  |TS  0|AC  0|TAMS 0x0000000083000000, 0x0000000083000000|
|  41|0x0000000083100000, 0x0000000083100000, 0x0000000083200000|  0%| F|  |TS  0|AC  0|TAMS 0x0000000083100000, 0x0000000083100000|
|  42|0x0000000083200000, 0x0000000083200000, 0x0000000083300000|  0%| F|  |TS  0|AC  0|TAMS 0x0000000083200000, 0x0000000083200000|
|  43|0x0000000083300000, 0x0000000083300000, 0x0000000083400000|  0%| F|  |TS  0|AC  0|TAMS 0x0000000083300000, 0x0000000083300000|
|  44|0x0000000083400000, 0x0000000083400000, 0x0000000083500000|  0%| F|  |TS  0|AC  0|TAMS 0x0000000083400000, 0x0000000083400000|
|  45|0x0000000083500000, 0x0000000083500000, 0x0000000083600000|  0%| F|  |TS  0|AC  0|TAMS 0x0000000083500000, 0x0000000083500000|
|  46|0x0000000083600000, 0x0000000083600000, 0x0000000083700000|  0%| F|  |TS  0|AC  0|TAMS 0x0000000083600000, 0x0000000083600000|
|  47|0x0000000083700000, 0x0000000083700000, 0x0000000083800000|  0%| F|  |TS  0|AC  0|TAMS 0x0000000083700000, 0x0000000083700000|
|  48|0x0000000083800000, 0x0000000083800000, 0x0000000083900000|  0%| F|  |TS  0|AC  0|TAMS 0x0000000083800000, 0x0000000083800000|
|  49|0x0000000083900000, 0x0000000083900000, 0x0000000083a00000|  0%| F|  |TS  0|AC  0|TAMS 0x0000000083900000, 0x0000000083900000|
|  50|0x0000000083a00000, 0x0000000083a00000, 0x0000000083b00000|  0%| F|  |TS  0|AC  0|TAMS 0x0000000083a00000, 0x0000000083a00000|
|  51|0x0000000083b00000, 0x0000000083b00000, 0x0000000083c00000|  0%| F|  |TS  0|AC  0|TAMS 0x0000000083b00000, 0x0000000083b00000|
|  52|0x0000000083c00000, 0x0000000083c00000, 0x0000000083d00000|  0%| F|  |TS  0|AC  0|TAMS 0x0000000083c00000, 0x0000000083c00000|
|  53|0x0000000083d00000, 0x0000000083d00000, 0x0000000083e00000|  0%| F|  |TS  0|AC  0|TAMS 0x0000000083d00000, 0x0000000083d00000|
|  54|0x0000000083e00000, 0x0000000083e00000, 0x0000000083f00000|  0%| F|  |TS  0|AC  0|TAMS 0x0000000083e00000, 0x0000000083e00000|
|  55|0x0000000083f00000, 0x0000000083f00000, 0x0000000084000000|  0%| F|  |TS  0|AC  0|TAMS 0x0000000083f00000, 0x0000000083f00000|
|  56|0x0000000084000000, 0x0000000084000000, 0x0000000084100000|  0%| F|  |TS  0|AC  0|TAMS 0x0000000084000000, 0x0000000084000000|
|  57|0x0000000084100000, 0x0000000084100000, 0x0000000084200000|  0%| F|  |TS  0|AC  0|TAMS 0x0000000084100000, 0x0000000084100000|
|  58|0x0000000084200000, 0x0000000084200000, 0x0000000084300000|  0%| F|  |TS  0|AC  0|TAMS 0x0000000084200000, 0x0000000084200000|
|  59|0x0000000084300000, 0x0000000084300000, 0x0000000084400000|  0%| F|  |TS  0|AC  0|TAMS 0x0000000084300000, 0x0000000084300000|
|  60|0x0000000084400000, 0x0000000084400000, 0x0000000084500000|  0%| F|  |TS  0|AC  0|TAMS 0x0000000084400000, 0x0000000084400000|
|  61|0x0000000084500000, 0x0000000084500000, 0x0000000084600000|  0%| F|  |TS  0|AC  0|TAMS 0x0000000084500000, 0x0000000084500000|
|  62|0x0000000084600000, 0x0000000084600000, 0x0000000084700000|  0%| F|  |TS  0|AC  0|TAMS 0x0000000084600000, 0x0000000084600000|
|  63|0x0000000084700000, 0x0000000084700000, 0x0000000084800000|  0%| F|  |TS  0|AC  0|TAMS 0x0000000084700000, 0x0000000084700000|
|  64|0x0000000084800000, 0x0000000084800000, 0x0000000084900000|  0%| F|  |TS  0|AC  0|TAMS 0x0000000084800000, 0x0000000084800000|
|  65|0x0000000084900000, 0x0000000084900000, 0x0000000084a00000|  0%| F|  |TS  0|AC  0|TAMS 0x0000000084900000, 0x0000000084900000|
|  66|0x0000000084a00000, 0x0000000084a00000, 0x0000000084b00000|  0%| F|  |TS  0|AC  0|TAMS 0x0000000084a00000, 0x0000000084a00000|
|  67|0x0000000084b00000, 0x0000000084b00000, 0x0000000084c00000|  0%| F|  |TS  0|AC  0|TAMS 0x0000000084b00000, 0x0000000084b00000|
|  68|0x0000000084c00000, 0x0000000084c00000, 0x0000000084d00000|  0%| F|  |TS  0|AC  0|TAMS 0x0000000084c00000, 0x0000000084c00000|
|  69|0x0000000084d00000, 0x0000000084d00000, 0x0000000084e00000|  0%| F|  |TS  0|AC  0|TAMS 0x0000000084d00000, 0x0000000084d00000|
|  70|0x0000000084e00000, 0x0000000084e00000, 0x0000000084f00000|  0%| F|  |TS  0|AC  0|TAMS 0x0000000084e00000, 0x0000000084e00000|
|  71|0x0000000084f00000, 0x0000000084f00000, 0x0000000085000000|  0%| F|  |TS  0|AC  0|TAMS 0x0000000084f00000, 0x0000000084f00000|
|  72|0x0000000085000000, 0x0000000085000000, 0x0000000085100000|  0%| F|  |TS  0|AC  0|TAMS 0x0000000085000000, 0x0000000085000000|
|  73|0x0000000085100000, 0x0000000085100000, 0x0000000085200000|  0%| F|  |TS  0|AC  0|TAMS 0x0000000085100000, 0x0000000085100000|
|  74|0x0000000085200000, 0x0000000085200000, 0x0000000085300000|  0%| F|  |TS  0|AC  0|TAMS 0x0000000085200000, 0x0000000085200000|
|  75|0x0000000085300000, 0x0000000085300000, 0x0000000085400000|  0%| F|  |TS  0|AC  0|TAMS 0x0000000085300000, 0x0000000085300000|
|  76|0x0000000085400000, 0x0000000085400000, 0x0000000085500000|  0%| F|  |TS  0|AC  0|TAMS 0x0000000085400000, 0x0000000085400000|
|  77|0x0000000085500000, 0x0000000085500000, 0x0000000085600000|  0%| F|  |TS  0|AC  0|TAMS 0x0000000085500000, 0x0000000085500000|
|  78|0x0000000085600000, 0x0000000085600000, 0x0000000085700000|  0%| F|  |TS  0|AC  0|TAMS 0x0000000085600000, 0x0000000085600000|
|  79|0x0000000085700000, 0x0000000085700000, 0x0000000085800000|  0%| F|  |TS  0|AC  0|TAMS 0x0000000085700000, 0x0000000085700000|
|  80|0x0000000085800000, 0x0000000085800000, 0x0000000085900000|  0%| F|  |TS  0|AC  0|TAMS 0x0000000085800000, 0x0000000085800000|
|  81|0x0000000085900000, 0x0000000085900000, 0x0000000085a00000|  0%| F|  |TS  0|AC  0|TAMS 0x0000000085900000, 0x0000000085900000|
|  82|0x0000000085a00000, 0x0000000085a00000, 0x0000000085b00000|  0%| F|  |TS  0|AC  0|TAMS 0x0000000085a00000, 0x0000000085a00000|
|  83|0x0000000085b00000, 0x0000000085b00000, 0x0000000085c00000|  0%| F|  |TS  0|AC  0|TAMS 0x0000000085b00000, 0x0000000085b00000|
|  84|0x0000000085c00000, 0x0000000085c00000, 0x0000000085d00000|  0%| F|  |TS  0|AC  0|TAMS 0x0000000085c00000, 0x0000000085c00000|
|  85|0x0000000085d00000, 0x0000000085d00000, 0x0000000085e00000|  0%| F|  |TS  0|AC  0|TAMS 0x0000000085d00000, 0x0000000085d00000|
|  86|0x0000000085e00000, 0x0000000085e00000, 0x0000000085f00000|  0%| F|  |TS  0|AC  0|TAMS 0x0000000085e00000, 0x0000000085e00000|
|  87|0x0000000085f00000, 0x0000000085f00000, 0x0000000086000000|  0%| F|  |TS  0|AC  0|TAMS 0x0000000085f00000, 0x0000000085f00000|
|  88|0x0000000086000000, 0x0000000086000000, 0x0000000086100000|  0%| F|  |TS  0|AC  0|TAMS 0x0000000086000000, 0x0000000086000000|
|  89|0x0000000086100000, 0x0000000086100000, 0x0000000086200000|  0%| F|  |TS  0|AC  0|TAMS 0x0000000086100000, 0x0000000086100000|
|  90|0x0000000086200000, 0x0000000086200000, 0x0000000086300000|  0%| F|  |TS  0|AC  0|TAMS 0x0000000086200000, 0x0000000086200000|
|  91|0x0000000086300000, 0x0000000086300000, 0x0000000086400000|  0%| F|  |TS  0|AC  0|TAMS 0x0000000086300000, 0x0000000086300000|
|  92|0x0000000086400000, 0x0000000086400000, 0x0000000086500000|  0%| F|  |TS  0|AC  0|TAMS 0x0000000086400000, 0x0000000086400000|
|  93|0x0000000086500000, 0x0000000086500000, 0x0000000086600000|  0%| F|  |TS  0|AC  0|TAMS 0x0000000086500000, 0x0000000086500000|
|  94|0x0000000086600000, 0x0000000086600000, 0x0000000086700000|  0%| F|  |TS  0|AC  0|TAMS 0x0000000086600000, 0x0000000086600000|
|  95|0x0000000086700000, 0x0000000086700000, 0x0000000086800000|  0%| F|  |TS  0|AC  0|TAMS 0x0000000086700000, 0x0000000086700000|
|  96|0x0000000086800000, 0x00000000868fa4d0, 0x0000000086900000| 97%| S|CS|TS  1|AC  0|TAMS 0x0000000086800000, 0x0000000086800000|
|  97|0x0000000086900000, 0x0000000086900000, 0x0000000086a00000|  0%| F|  |TS  1|AC  0|TAMS 0x0000000086900000, 0x0000000086900000|
|  98|0x0000000086a00000, 0x0000000086a00000, 0x0000000086b00000|  0%| F|  |TS  1|AC  0|TAMS 0x0000000086a00000, 0x0000000086a00000|
|  99|0x0000000086b00000, 0x0000000086b00000, 0x0000000086c00000|  0%| F|  |TS  1|AC  0|TAMS 0x0000000086b00000, 0x0000000086b00000|
| 100|0x0000000086c00000, 0x0000000086c00000, 0x0000000086d00000|  0%| F|  |TS  1|AC  0|TAMS 0x0000000086c00000, 0x0000000086c00000|
| 101|0x0000000086d00000, 0x0000000086d00000, 0x0000000086e00000|  0%| F|  |TS  1|AC  0|TAMS 0x0000000086d00000, 0x0000000086d00000|
| 102|0x0000000086e00000, 0x0000000086e00000, 0x0000000086f00000|  0%| F|  |TS  1|AC  0|TAMS 0x0000000086e00000, 0x0000000086e00000|
| 103|0x0000000086f00000, 0x0000000086f00000, 0x0000000087000000|  0%| F|  |TS  1|AC  0|TAMS 0x0000000086f00000, 0x0000000086f00000|
| 104|0x0000000087000000, 0x0000000087000000, 0x0000000087100000|  0%| F|  |TS  1|AC  0|TAMS 0x0000000087000000, 0x0000000087000000|
| 105|0x0000000087100000, 0x0000000087100000, 0x0000000087200000|  0%| F|  |TS  1|AC  0|TAMS 0x0000000087100000, 0x0000000087100000|
| 106|0x0000000087200000, 0x0000000087200000, 0x0000000087300000|  0%| F|  |TS  1|AC  0|TAMS 0x0000000087200000, 0x0000000087200000|
| 107|0x0000000087300000, 0x0000000087300000, 0x0000000087400000|  0%| F|  |TS  1|AC  0|TAMS 0x0000000087300000, 0x0000000087300000|
| 108|0x0000000087400000, 0x0000000087400000, 0x0000000087500000|  0%| F|  |TS  1|AC  0|TAMS 0x0000000087400000, 0x0000000087400000|
| 109|0x0000000087500000, 0x0000000087500000, 0x0000000087600000|  0%| F|  |TS  1|AC  0|TAMS 0x0000000087500000, 0x0000000087500000|
| 110|0x0000000087600000, 0x0000000087600000, 0x0000000087700000|  0%| F|  |TS  1|AC  0|TAMS 0x0000000087600000, 0x0000000087600000|
| 111|0x0000000087700000, 0x0000000087700000, 0x0000000087800000|  0%| F|  |TS  1|AC  0|TAMS 0x0000000087700000, 0x0000000087700000|
| 112|0x0000000087800000, 0x0000000087800000, 0x0000000087900000|  0%| F|  |TS  1|AC  0|TAMS 0x0000000087800000, 0x0000000087800000|
| 113|0x0000000087900000, 0x0000000087900000, 0x0000000087a00000|  0%| F|  |TS  1|AC  0|TAMS 0x0000000087900000, 0x0000000087900000|
| 114|0x0000000087a00000, 0x0000000087a00000, 0x0000000087b00000|  0%| F|  |TS  1|AC  0|TAMS 0x0000000087a00000, 0x0000000087a00000|
| 115|0x0000000087b00000, 0x0000000087b00000, 0x0000000087c00000|  0%| F|  |TS  1|AC  0|TAMS 0x0000000087b00000, 0x0000000087b00000|
| 116|0x0000000087c00000, 0x0000000087c00000, 0x0000000087d00000|  0%| F|  |TS  1|AC  0|TAMS 0x0000000087c00000, 0x0000000087c00000|
| 117|0x0000000087d00000, 0x0000000087d00000, 0x0000000087e00000|  0%| F|  |TS  1|AC  0|TAMS 0x0000000087d00000, 0x0000000087d00000|
| 118|0x0000000087e00000, 0x0000000087e00000, 0x0000000087f00000|  0%| F|  |TS  1|AC  0|TAMS 0x0000000087e00000, 0x0000000087e00000|
| 119|0x0000000087f00000, 0x0000000087f00000, 0x0000000088000000|  0%| F|  |TS  1|AC  0|TAMS 0x0000000087f00000, 0x0000000087f00000|
| 120|0x0000000088000000, 0x0000000088000000, 0x0000000088100000|  0%| F|  |TS  1|AC  0|TAMS 0x0000000088000000, 0x0000000088000000|
| 121|0x0000000088100000, 0x0000000088180800, 0x0000000088200000| 50%| E|  |TS  1|AC  0|TAMS 0x0000000088100000, 0x0000000088100000|
| 122|0x0000000088200000, 0x0000000088300000, 0x0000000088300000|100%| E|CS|TS  1|AC  0|TAMS 0x0000000088200000, 0x0000000088200000|
| 123|0x0000000088300000, 0x0000000088400000, 0x0000000088400000|100%| E|CS|TS  1|AC  0|TAMS 0x0000000088300000, 0x0000000088300000|
| 124|0x0000000088400000, 0x0000000088500000, 0x0000000088500000|100%| E|CS|TS  1|AC  0|TAMS 0x0000000088400000, 0x0000000088400000|
| 125|0x0000000088500000, 0x0000000088600000, 0x0000000088600000|100%| E|CS|TS  1|AC  0|TAMS 0x0000000088500000, 0x0000000088500000|
| 126|0x0000000088600000, 0x0000000088700000, 0x0000000088700000|100%| E|CS|TS  1|AC  0|TAMS 0x0000000088600000, 0x0000000088600000|
| 127|0x0000000088700000, 0x0000000088800000, 0x0000000088800000|100%| E|CS|TS  1|AC  0|TAMS 0x0000000088700000, 0x0000000088700000|

Card table byte_map: [0x000001aff1120000,0x000001aff1520000] byte_map_base: 0x000001aff0d1c000

Marking Bits (Prev, Next): (CMBitMap*) 0x000001afd52a1dc8, (CMBitMap*) 0x000001afd52a1d90
 Prev Bits: [0x000001aff3900000, 0x000001aff58e0000)
 Next Bits: [0x000001aff1920000, 0x000001aff3900000)

Polling page: 0x000001afd5160000

CodeHeap 'non-profiled nmethods': size=120064Kb used=1303Kb max_used=1303Kb free=118761Kb
 bounds [0x000001afe8db0000, 0x000001afe9020000, 0x000001aff02f0000]
CodeHeap 'profiled nmethods': size=120000Kb used=8146Kb max_used=8146Kb free=111854Kb
 bounds [0x000001afe1880000, 0x000001afe2080000, 0x000001afe8db0000]
CodeHeap 'non-nmethods': size=5696Kb used=1475Kb max_used=1498Kb free=4220Kb
 bounds [0x000001afe12f0000, 0x000001afe1560000, 0x000001afe1880000]
 total_blobs=4918 nmethods=3636 adapters=671
 compilation: enabled

Compilation events (10 events):
Event: 2.878 Thread 0x000001aff8788000 nmethod 2853 0x000001afe1e21190 code [0x000001afe1e21360, 0x000001afe1e215d0]
Event: 2.878 Thread 0x000001aff8788000 2852       3       javafx.collections.ModifiableObservableListBase::subList (15 bytes)
Event: 2.878 Thread 0x000001aff8788000 nmethod 2852 0x000001afe1e21710 code [0x000001afe1e218e0, 0x000001afe1e21c50]
Event: 2.878 Thread 0x000001aff8788000 2854       3       com.sun.javafx.collections.VetoableListDecorator::isEmpty (10 bytes)
Event: 2.878 Thread 0x000001aff8788000 nmethod 2854 0x000001afe1e21d90 code [0x000001afe1e21f40, 0x000001afe1e22170]
Event: 2.878 Thread 0x000001aff8788000 2855       3       java.nio.ByteBuffer::hasArray (20 bytes)
Event: 2.879 Thread 0x000001aff8788000 nmethod 2855 0x000001afe1e22210 code [0x000001afe1e223c0, 0x000001afe1e225b8]
Event: 2.879 Thread 0x000001aff8788000 2831       3       javafx.scene.Node::access$1700 (5 bytes)
Event: 2.879 Thread 0x000001aff8788000 nmethod 2831 0x000001afe1e22690 code [0x000001afe1e22840, 0x000001afe1e229b0]
Event: 2.879 Thread 0x000001aff8788000 2832       3       javafx.scene.Node::updateDisabled (73 bytes)

GC Heap History (4 events):
Event: 0.569 GC heap before
{Heap before GC invocations=0 (full 0):
 garbage-first heap   total 131072K, used 14336K [0x0000000080800000, 0x0000000080900400, 0x0000000100000000)
  region size 1024K, 14 young (14336K), 0 survivors (0K)
 Metaspace       used 11409K, capacity 12054K, committed 12160K, reserved 1060864K
  class space    used 1214K, capacity 1361K, committed 1408K, reserved 1048576K
}
Event: 0.572 GC heap after
{Heap after GC invocations=1 (full 0):
 garbage-first heap   total 131072K, used 2638K [0x0000000080800000, 0x0000000080900400, 0x0000000100000000)
  region size 1024K, 2 young (2048K), 2 survivors (2048K)
 Metaspace       used 11409K, capacity 12054K, committed 12160K, reserved 1060864K
  class space    used 1214K, capacity 1361K, committed 1408K, reserved 1048576K
}
Event: 1.390 GC heap before
{Heap before GC invocations=1 (full 0):
 garbage-first heap   total 131072K, used 21070K [0x0000000080800000, 0x0000000080900400, 0x0000000100000000)
  region size 1024K, 21 young (21504K), 2 survivors (2048K)
 Metaspace       used 19896K, capacity 21277K, committed 21296K, reserved 1067008K
  class space    used 2578K, capacity 2845K, committed 2864K, reserved 1048576K
}
Event: 1.395 GC heap after
{Heap after GC invocations=2 (full 0):
 garbage-first heap   total 131072K, used 6425K [0x0000000080800000, 0x0000000080900400, 0x0000000100000000)
  region size 1024K, 6 young (6144K), 6 survivors (6144K)
 Metaspace       used 19896K, capacity 21277K, committed 21296K, reserved 1067008K
  class space    used 2578K, capacity 2845K, committed 2864K, reserved 1048576K
}

Deoptimization events (10 events):
Event: 1.376 Thread 0x000001aff9f68000 Uncommon trap: reason=unstable_if action=reinterpret pc=0x000001afe8e0f730 method=jdk.internal.org.objectweb.asm.Type.getArgumentsAndReturnSizes(Ljava/lang/String;)I @ 47 c2
Event: 1.376 Thread 0x000001aff9f68000 Uncommon trap: reason=unstable_if action=reinterpret pc=0x000001afe8de3ea8 method=jdk.internal.org.objectweb.asm.Frame.push(Ljdk/internal/org/objectweb/asm/ClassWriter;Ljava/lang/String;)V @ 18 c2
Event: 2.704 Thread 0x000001aff8ddd000 Uncommon trap: reason=unstable_if action=reinterpret pc=0x000001afe8ea02e4 method=com.sun.javafx.sg.prism.NGNode.doRender(Lcom/sun/prism/Graphics;)V @ 24 c2
Event: 2.704 Thread 0x000001aff8ddd000 Uncommon trap: reason=bimorphic_or_optimized_type_check action=maybe_recompile pc=0x000001afe8e9e640 method=com.sun.javafx.sg.prism.NGNode.render(Lcom/sun/prism/Graphics;)V @ 34 c2
Event: 2.704 Thread 0x000001aff8ddd000 Uncommon trap: reason=bimorphic_or_optimized_type_check action=maybe_recompile pc=0x000001afe8e9e640 method=com.sun.javafx.sg.prism.NGNode.render(Lcom/sun/prism/Graphics;)V @ 34 c2
Event: 2.704 Thread 0x000001aff8ddd000 Uncommon trap: reason=bimorphic_or_optimized_type_check action=maybe_recompile pc=0x000001afe8e9e640 method=com.sun.javafx.sg.prism.NGNode.render(Lcom/sun/prism/Graphics;)V @ 34 c2
Event: 2.704 Thread 0x000001aff8ddd000 Uncommon trap: reason=bimorphic_or_optimized_type_check action=maybe_recompile pc=0x000001afe8e9e640 method=com.sun.javafx.sg.prism.NGNode.render(Lcom/sun/prism/Graphics;)V @ 34 c2
Event: 2.762 Thread 0x000001aff8ddd000 Uncommon trap: reason=unstable_if action=reinterpret pc=0x000001afe8e591fc method=java.util.concurrent.ConcurrentHashMap.get(Ljava/lang/Object;)Ljava/lang/Object; @ 152 c2
Event: 2.762 Thread 0x000001aff8ddd000 Uncommon trap: reason=class_check action=maybe_recompile pc=0x000001afe8e51f70 method=java.util.concurrent.ConcurrentHashMap.putVal(Ljava/lang/Object;Ljava/lang/Object;Z)Ljava/lang/Object; @ 242 c2
Event: 2.762 Thread 0x000001aff8ddd000 Uncommon trap: reason=class_check action=maybe_recompile pc=0x000001afe8e51f70 method=java.util.concurrent.ConcurrentHashMap.putVal(Ljava/lang/Object;Ljava/lang/Object;Z)Ljava/lang/Object; @ 242 c2

Classes redefined (0 events):
No events

Internal exceptions (10 events):
Event: 0.874 Thread 0x000001aff9f68000 Exception <a 'java/lang/NoSuchMethodError'{0x0000000087ee7368}: method resolution failed> (0x0000000087ee7368) thrown at [c:/workspace/9-2-build-windows-amd64-cygwin-phase2/jdk9/6725/hotspot/src/share/vm/prims/methodHandles.cpp, line 1256]
Event: 0.895 Thread 0x000001aff9f68000 Implicit null exception at 0x000001afe8e03a95 to 0x000001afe8e04115
Event: 0.934 Thread 0x000001aff9f68000 Implicit null exception at 0x000001afe8dbac2f to 0x000001afe8dbac99
Event: 1.223 Thread 0x000001aff9f68000 Exception <a 'java/lang/NoSuchMethodError'{0x0000000087a10298}: method resolution failed> (0x0000000087a10298) thrown at [c:/workspace/9-2-build-windows-amd64-cygwin-phase2/jdk9/6725/hotspot/src/share/vm/prims/methodHandles.cpp, line 1256]
Event: 1.280 Thread 0x000001aff9f68000 Exception <a 'java/lang/NoSuchMethodError'{0x000000008762bc70}: java.lang.invoke.DirectMethodHandle$Holder.invokeInterface(Ljava/lang/Object;Ljava/lang/Object;Ljava/lang/Object;)Ljava/lang/Object;> (0x000000008762bc70) thrown at [c:/workspace/9-2-build-wi
Event: 1.280 Thread 0x000001aff9f68000 Exception <a 'java/lang/IncompatibleClassChangeError'{0x000000008762eb60}: Found class java.lang.Object, but interface was expected> (0x000000008762eb60) thrown at [c:/workspace/9-2-build-windows-amd64-cygwin-phase2/jdk9/6725/hotspot/src/share/vm/interpre
Event: 1.376 Thread 0x000001aff9f68000 Exception <a 'java/lang/NoSuchMethodError'{0x000000008736c680}: method resolution failed> (0x000000008736c680) thrown at [c:/workspace/9-2-build-windows-amd64-cygwin-phase2/jdk9/6725/hotspot/src/share/vm/prims/methodHandles.cpp, line 1256]
Event: 1.376 Thread 0x000001aff9f68000 Exception <a 'java/lang/NoSuchMethodError'{0x000000008736f8a8}: java.lang.invoke.DirectMethodHandle$Holder.invokeStaticInit(Ljava/lang/Object;Ljava/lang/Object;Ljava/lang/Object;)J> (0x000000008736f8a8) thrown at [c:/workspace/9-2-build-windows-amd64-cygw
Event: 1.412 Thread 0x000001aff8ddd000 Exception <a 'java/lang/NoSuchMethodError'{0x00000000887e6500}: java.lang.invoke.DirectMethodHandle$Holder.invokeStaticInit(Ljava/lang/Object;Ljava/lang/Object;)I> (0x00000000887e6500) thrown at [c:/workspace/9-2-build-windows-amd64-cygwin-phase2/jdk9/672
Event: 1.477 Thread 0x000001aff8ddd000 Exception <a 'java/lang/NoSuchMethodError'{0x0000000088534f50}: java.lang.invoke.DirectMethodHandle$Holder.invokeStaticInit(Ljava/lang/Object;I)Ljava/lang/Object;> (0x0000000088534f50) thrown at [c:/workspace/9-2-build-windows-amd64-cygwin-phase2/jdk9/672

Events (10 events):
Event: 2.762 Thread 0x000001aff8ddd000 DEOPT PACKING pc=0x000001afe8e591fc sp=0x0000006eeeffd710
Event: 2.762 Thread 0x000001aff8ddd000 DEOPT UNPACKING pc=0x000001afe133df29 sp=0x0000006eeeffd6b8 mode 2
Event: 2.762 Thread 0x000001aff8ddd000 Uncommon trap: trap_request=0xffffffde fr.pc=0x000001afe8e51f70 relative=0x00000000000010d0
Event: 2.762 Thread 0x000001aff8ddd000 DEOPT PACKING pc=0x000001afe8e51f70 sp=0x0000006eeeffd640
Event: 2.762 Thread 0x000001aff8ddd000 DEOPT UNPACKING pc=0x000001afe133df29 sp=0x0000006eeeffd5e0 mode 2
Event: 2.762 Thread 0x000001aff8ddd000 Uncommon trap: trap_request=0xffffffde fr.pc=0x000001afe8e51f70 relative=0x00000000000010d0
Event: 2.762 Thread 0x000001aff8ddd000 DEOPT PACKING pc=0x000001afe8e51f70 sp=0x0000006eeeffd620
Event: 2.762 Thread 0x000001aff8ddd000 DEOPT UNPACKING pc=0x000001afe133df29 sp=0x0000006eeeffd5c0 mode 2
Event: 2.820 Executing VM operation: ForceSafepoint
Event: 2.820 Executing VM operation: ForceSafepoint done


Dynamic libraries:
0x00007ff742210000 - 0x00007ff74224e000 	C:\Program Files\Java\jdk-9\bin\java.exe
0x00007ff9dbbc0000 - 0x00007ff9dbda1000 	C:\WINDOWS\SYSTEM32\ntdll.dll
0x00007ff9db940000 - 0x00007ff9db9f1000 	C:\WINDOWS\System32\KERNEL32.DLL
0x00007ff9d88d0000 - 0x00007ff9d8b43000 	C:\WINDOWS\System32\KERNELBASE.dll
0x00007ff9dba10000 - 0x00007ff9dbab1000 	C:\WINDOWS\System32\ADVAPI32.dll
0x00007ff9d9440000 - 0x00007ff9d94de000 	C:\WINDOWS\System32\msvcrt.dll
0x00007ff9db770000 - 0x00007ff9db7cb000 	C:\WINDOWS\System32\sechost.dll
0x00007ff9d9250000 - 0x00007ff9d9374000 	C:\WINDOWS\System32\RPCRT4.dll
0x00007ff9d90b0000 - 0x00007ff9d9241000 	C:\WINDOWS\System32\USER32.dll
0x00007ff9d88b0000 - 0x00007ff9d88d0000 	C:\WINDOWS\System32\win32u.dll
0x00007ff9dbac0000 - 0x00007ff9dbae8000 	C:\WINDOWS\System32\GDI32.dll
0x00007ff9d8d40000 - 0x00007ff9d8ed1000 	C:\WINDOWS\System32\gdi32full.dll
0x00007ff9d8f40000 - 0x00007ff9d8fdf000 	C:\WINDOWS\System32\msvcp_win.dll
0x00007ff9d7f70000 - 0x00007ff9d8068000 	C:\WINDOWS\System32\ucrtbase.dll
0x00007ff9cd7c0000 - 0x00007ff9cda29000 	C:\WINDOWS\WinSxS\amd64_microsoft.windows.common-controls_6595b64144ccf1df_6.0.17134.1184_none_d403e8b37c8ca406\COMCTL32.dll
0x00007ff9db340000 - 0x00007ff9db661000 	C:\WINDOWS\System32\combase.dll
0x00007ff9d2690000 - 0x00007ff9d269a000 	C:\WINDOWS\SYSTEM32\VERSION.dll
0x00007ff9d8070000 - 0x00007ff9d80e9000 	C:\WINDOWS\System32\bcryptPrimitives.dll
0x00007ff9db7d0000 - 0x00007ff9db7fd000 	C:\WINDOWS\System32\IMM32.DLL
0x00007ff9c4cf0000 - 0x00007ff9c4ddf000 	C:\Program Files\Java\jdk-9\bin\msvcr120.dll
0x00007ff9b40a0000 - 0x00007ff9b4146000 	C:\Program Files\Java\jdk-9\bin\msvcp120.dll
0x0000000060c20000 - 0x000000006164a000 	C:\Program Files\Java\jdk-9\bin\server\jvm.dll
0x00007ff9d9930000 - 0x00007ff9d9938000 	C:\WINDOWS\System32\PSAPI.DLL
0x00007ff9d5860000 - 0x00007ff9d5883000 	C:\WINDOWS\SYSTEM32\WINMM.dll
0x00007ff9c4de0000 - 0x00007ff9c4de9000 	C:\WINDOWS\SYSTEM32\WSOCK32.dll
0x00007ff9db800000 - 0x00007ff9db86c000 	C:\WINDOWS\System32\WS2_32.dll
0x00007ff9d57f0000 - 0x00007ff9d581a000 	C:\WINDOWS\SYSTEM32\WINMMBASE.dll
0x00007ff9d8fe0000 - 0x00007ff9d9029000 	C:\WINDOWS\System32\cfgmgr32.dll
0x00007ff9d6900000 - 0x00007ff9d690f000 	C:\Program Files\Java\jdk-9\bin\verify.dll
0x00007ff9c9600000 - 0x00007ff9c9627000 	C:\Program Files\Java\jdk-9\bin\java.dll
0x00007ff9c90b0000 - 0x00007ff9c90da000 	C:\Program Files\Java\jdk-9\bin\instrument.dll
0x00007ff9d68e0000 - 0x00007ff9d68f6000 	C:\Program Files\Java\jdk-9\bin\zip.dll
0x00007ff9d6830000 - 0x00007ff9d683a000 	C:\Program Files\Java\jdk-9\bin\jimage.dll
0x00007ff9d9aa0000 - 0x00007ff9daee5000 	C:\WINDOWS\System32\SHELL32.dll
0x00007ff9d9880000 - 0x00007ff9d9929000 	C:\WINDOWS\System32\shcore.dll
0x00007ff9d81a0000 - 0x00007ff9d88b0000 	C:\WINDOWS\System32\windows.storage.dll
0x00007ff9d94e0000 - 0x00007ff9d9531000 	C:\WINDOWS\System32\shlwapi.dll
0x00007ff9d7f30000 - 0x00007ff9d7f41000 	C:\WINDOWS\System32\kernel.appcore.dll
0x00007ff9d7f50000 - 0x00007ff9d7f6f000 	C:\WINDOWS\System32\profapi.dll
0x00007ff9d7ec0000 - 0x00007ff9d7f0c000 	C:\WINDOWS\System32\powrprof.dll
0x00007ff9d7eb0000 - 0x00007ff9d7eba000 	C:\WINDOWS\System32\FLTLIB.DLL
0x00007ff9d6690000 - 0x00007ff9d66aa000 	C:\Program Files\Java\jdk-9\bin\net.dll
0x00007ff9d32c0000 - 0x00007ff9d339d000 	C:\WINDOWS\SYSTEM32\WINHTTP.dll
0x00007ff9d7370000 - 0x00007ff9d73d6000 	C:\WINDOWS\system32\mswsock.dll
0x00007ff9d6580000 - 0x00007ff9d6591000 	C:\Program Files\Java\jdk-9\bin\nio.dll
0x00007ff9c9580000 - 0x00007ff9c959a000 	D:\Program Files (x86)\IntelliJ IDEA 2019.1.2\bin\breakgen64.dll
0x00007ff9c8eb0000 - 0x00007ff9c8ed3000 	C:\Program Files\Java\jdk-9\bin\prism_d3d.dll
0x00007ff9ce310000 - 0x00007ff9ce4a7000 	C:\WINDOWS\system32\d3d9.dll
0x00007ff9d5c80000 - 0x00007ff9d5ca9000 	C:\WINDOWS\SYSTEM32\dwmapi.dll
0x00007ff9d5ba0000 - 0x00007ff9d5c38000 	C:\WINDOWS\system32\uxtheme.dll
0x00007ff9d1e20000 - 0x00007ff9d1f0e000 	C:\WINDOWS\System32\DriverStore\FileRepository\nv_dispi.inf_amd64_db678424d2641c3d\nvldumdx.dll
0x00007ff9d8b50000 - 0x00007ff9d8d32000 	C:\WINDOWS\System32\crypt32.dll
0x00007ff9d7f10000 - 0x00007ff9d7f22000 	C:\WINDOWS\System32\MSASN1.dll
0x00007ff9d8ee0000 - 0x00007ff9d8f37000 	C:\WINDOWS\System32\WINTRUST.DLL
0x00007ff9d9540000 - 0x00007ff9d955d000 	C:\WINDOWS\System32\imagehlp.dll
0x00007ff9d7b70000 - 0x00007ff9d7b87000 	C:\WINDOWS\SYSTEM32\CRYPTSP.dll
0x00007ff9d6f20000 - 0x00007ff9d6f53000 	C:\WINDOWS\system32\rsaenh.dll
0x00007ff9d7970000 - 0x00007ff9d7995000 	C:\WINDOWS\SYSTEM32\bcrypt.dll
0x00007ff9d7520000 - 0x00007ff9d752b000 	C:\WINDOWS\SYSTEM32\CRYPTBASE.dll
0x00007ff9afe60000 - 0x00007ff9b12fb000 	C:\WINDOWS\System32\DriverStore\FileRepository\nv_dispi.inf_amd64_db678424d2641c3d\nvd3dumx.dll
0x00007ff9c82a0000 - 0x00007ff9c82e3000 	C:\Program Files\Java\jdk-9\bin\glass.dll
0x00007ff9db680000 - 0x00007ff9db76d000 	C:\WINDOWS\System32\COMDLG32.dll
0x00007ff9d9940000 - 0x00007ff9d9a91000 	C:\WINDOWS\System32\ole32.dll
0x00007ff9db870000 - 0x00007ff9db932000 	C:\WINDOWS\System32\OLEAUT32.dll
0x00007ff9d9700000 - 0x00007ff9d9874000 	C:\WINDOWS\System32\MSCTF.dll
0x00007ff9d6220000 - 0x00007ff9d6242000 	C:\WINDOWS\SYSTEM32\gpapi.dll
0x00007ff9cd520000 - 0x00007ff9cd54e000 	C:\WINDOWS\SYSTEM32\cryptnet.dll
0x00007ff9c94c0000 - 0x00007ff9c94d4000 	C:\Program Files\Java\jdk-9\bin\javafx_font.dll
0x00007ff9ac400000 - 0x00007ff9ac59a000 	C:\Program Files\Java\jdk-9\bin\awt.dll
0x00007ff9d4b70000 - 0x00007ff9d5137000 	C:\WINDOWS\SYSTEM32\d2d1.dll
0x00007ff9d5970000 - 0x00007ff9d59fb000 	C:\WINDOWS\SYSTEM32\apphelp.dll
0x00007ff9acd80000 - 0x00007ff9ace1d000 	C:\Program Files\Java\jdk-9\bin\fontmanager.dll
0x00007ff9caaf0000 - 0x00007ff9cae0a000 	C:\WINDOWS\SYSTEM32\dwrite.dll
0x00007ff9dbaf0000 - 0x00007ff9dbb90000 	C:\WINDOWS\System32\clbcatq.dll
0x00007ff9d2e00000 - 0x00007ff9d2fae000 	C:\WINDOWS\SYSTEM32\WindowsCodecs.dll
0x00007ff9b3ce0000 - 0x00007ff9b3d38000 	C:\WINDOWS\system32\dataexchange.dll
0x00007ff9d5140000 - 0x00007ff9d52dc000 	C:\WINDOWS\system32\dcomp.dll
0x00007ff9d47a0000 - 0x00007ff9d4aab000 	C:\WINDOWS\system32\d3d11.dll
0x00007ff9d62a0000 - 0x00007ff9d635b000 	C:\WINDOWS\system32\dxgi.dll
0x00007ff9d5cb0000 - 0x00007ff9d5e68000 	C:\WINDOWS\system32\twinapi.appcore.dll
0x00007ff9d5f70000 - 0x00007ff9d5f91000 	C:\WINDOWS\system32\RMCLIENT.dll
0x00007ff9c67e0000 - 0x00007ff9c6814000 	C:\Program Files\Common Files\Microsoft Shared\Ink\rtscom.dll
0x00007ff9cc630000 - 0x00007ff9cc6c6000 	C:\WINDOWS\System32\TextInputFramework.dll
0x00007ff9d26a0000 - 0x00007ff9d29be000 	C:\WINDOWS\System32\CoreUIComponents.dll
0x00007ff9d5620000 - 0x00007ff9d56fa000 	C:\WINDOWS\System32\CoreMessaging.dll
0x00007ff9d6bf0000 - 0x00007ff9d6c21000 	C:\WINDOWS\SYSTEM32\ntmarta.dll
0x00007ff9d2bb0000 - 0x00007ff9d2cfd000 	C:\WINDOWS\SYSTEM32\wintypes.dll
0x00007ff9c92f0000 - 0x00007ff9c9301000 	C:\Program Files\Java\jdk-9\bin\prism_common.dll
0x00007ff9a73f0000 - 0x00007ff9a7b6e000 	C:\WINDOWS\SYSTEM32\D3D10Warp.dll
0x00007ff9d79a0000 - 0x00007ff9d7b69000 	C:\WINDOWS\SYSTEM32\dbghelp.dll

VM Arguments:
jvm_args: -javaagent:D:\Program Files (x86)\IntelliJ IDEA 2019.1.2\lib\idea_rt.jar=52634:D:\Program Files (x86)\IntelliJ IDEA 2019.1.2\bin -Dfile.encoding=UTF-8 
java_command: Main
java_class_path (initial): C:\Users\Elnur\IdeaProjects\cs353\ML1\out\production\ML1
Launcher Type: SUN_STANDARD

Logging:
Log output configuration:
#0: stdout all=warning uptime,level,tags
#1: stderr all=off uptime,level,tags

Environment Variables:
PATH=D:\Program Files (x86)\Embarcadero\Studio\19.0\bin;C:\Users\Public\Documents\Embarcadero\Studio\19.0\Bpl;D:\Program Files (x86)\Embarcadero\Studio\19.0\bin64;C:\Users\Public\Documents\Embarcadero\Studio\19.0\Bpl\Win64;C:\Program Files (x86)\Common Files\Oracle\Java\javapath;C:\Program Files (x86)\Razer Chroma SDK\bin;C:\Program Files\Razer Chroma SDK\bin;C:\ProgramData\Oracle\Java\javapath;C:\Program Files (x86)\Intel\iCLS Client\;C:\Program Files\Intel\iCLS Client\;C:\Windows\system32;C:\Windows;C:\Windows\System32\Wbem;C:\Windows\System32\WindowsPowerShell\v1.0\;C:\Program Files (x86)\Intel\Intel(R) Management Engine Components\DAL;C:\Program Files\Intel\Intel(R) Management Engine Components\DAL;C:\Program Files (x86)\Intel\Intel(R) Management Engine Components\IPT;C:\Program Files\Intel\Intel(R) Management Engine Components\IPT;C:\Program Files (x86)\NVIDIA Corporation\PhysX\Common;C:\WINDOWS\system32;C:\WINDOWS;C:\WINDOWS\System32\Wbem;C:\WINDOWS\System32\WindowsPowerShell\v1.0\;C:\Users\Elnur\AppData\Local\Microsoft\WindowsApps;C:\WINDOWS\system32;C:\WINDOWS;C:\WINDOWS\System32\Wbem;C:\WINDOWS\System32\WindowsPowerShell\v1.0\;C:\WINDOWS\System32\OpenSSH\;D:\Program Files\PuTTY\;D:\Program Files\Git\cmd;C:\Program Files\Microsoft SQL Server\130\Tools\Binn\;C:\Program Files;C:\Winnt;C:\Winnt\System32;C:\Program Files (x86)\GtkSharp\2.12\bin;C:\Qt;C:\Program Files\CMake\bin;C:\Users\Elnur\AppData\Local\Programs\Python\Python37;C:\Users\Elnur\AppData\Local\Microsoft\WindowsApps;C:\Users\Elnur\AppData\Local\GitHubDesktop\bin;C:\Users\Elnur\AppData\Local\Programs\Microsoft VS Code\bin;C:\Qt;C:\Users\Elnur\AppData\Local\Programs\Python\Python37;
USERNAME=Elnur
OS=Windows_NT
PROCESSOR_IDENTIFIER=Intel64 Family 6 Model 158 Stepping 9, GenuineIntel



---------------  S Y S T E M  ---------------

OS: Windows 10 , 64 bit Build 17134 (10.0.17134.753)

CPU:total 4 (initial active 4) (4 cores per cpu, 1 threads per core) family 6 model 158 stepping 9, cmov, cx8, fxsr, mmx, sse, sse2, sse3, ssse3, sse4.1, sse4.2, popcnt, avx, avx2, aes, clmul, erms, rtm, 3dnowpref, lzcnt, tsc, tscinvbit, bmi1, bmi2, adx, fma

Memory: 4k page, physical 8352508k(369096k free), swap 22880128k(907664k free)

vm_info: Java HotSpot(TM) 64-Bit Server VM (9+181) for windows-amd64 JRE (9+181), built on Aug  2 2017 21:30:51 by "javare" with MS VC++ 12.0 (VS2013)

END.
